#
# There is insufficient memory for the Java Runtime Environment to continue.
# Native memory allocation (malloc) failed to allocate 624144 bytes for Chunk::new
# Possible reasons:
#   The system is out of physical RAM or swap space
#   The process is running with CompressedOops enabled, and the Java Heap may be blocking the growth of the native heap
# Possible solutions:
#   Reduce memory load on the system
#   Increase physical memory or swap space
#   Check if swap backing store is full
#   Decrease Java heap size (-Xmx/-Xms)
#   Decrease number of Java threads
#   Decrease Java thread stack sizes (-Xss)
#   Set larger code cache with -XX:ReservedCodeCacheSize=
#   JVM is running with Unscaled Compressed Oops mode in which the Java heap is
#     placed in the first 4GB address space. The Java Heap base address is the
#     maximum limit for the native heap growth. Please use -XX:HeapBaseMinAddress
#     to set the Java Heap base and to place the Java Heap above 4GB virtual address.
# This output file may be truncated or incomplete.
#
#  Out of Memory Error (t:/workspace/open/src/hotspot/share/memory/arena.cpp:196), pid=40012, tid=47024
#
# JRE version: Java(TM) SE Runtime Environment (13.0.2+8) (build 13.0.2+8)
# Java VM: Java HotSpot(TM) 64-Bit Server VM (13.0.2+8, mixed mode, sharing, tiered, compressed oops, g1 gc, windows-amd64)
# No core dump will be written. Minidumps are not enabled by default on client versions of Windows
#

---------------  S U M M A R Y ------------

Command Line: -Dfile.encoding=Cp1252 diceGame.client.GuiMain

Host: Intel(R) Core(TM) i5-8265U CPU @ 1.60GHz, 8 cores, 7G,  Windows 10 , 64 bit Build 17763 (10.0.17763.1158)
Time: Sun Jun  7 11:13:06 2020 India Standard Time elapsed time: 11 seconds (0d 0h 0m 11s)

---------------  T H R E A D  ---------------

Current thread (0x0000022eb22d8800):  JavaThread "C2 CompilerThread0" daemon [_thread_in_native, id=47024, stack(0x000000eff2c00000,0x000000eff2d00000)]


Current CompileTask:
C2:  11564 2040   !   4       java.awt.Component::reshape (312 bytes)

Stack: [0x000000eff2c00000,0x000000eff2d00000]
Native frames: (J=compiled Java code, j=interpreted, Vv=VM code, C=native code)
V  [jvm.dll+0x624f9a]
V  [jvm.dll+0x770cfa]
V  [jvm.dll+0x7724af]
V  [jvm.dll+0x772ab3]
V  [jvm.dll+0x24bf08]
V  [jvm.dll+0xc1e47]
V  [jvm.dll+0xc23cc]
V  [jvm.dll+0x35c0c5]
V  [jvm.dll+0x19edb0]
V  [jvm.dll+0x205d36]
V  [jvm.dll+0x204e3f]
V  [jvm.dll+0x189c2c]
V  [jvm.dll+0x213e6d]
V  [jvm.dll+0x2120bb]
V  [jvm.dll+0x736bb6]
V  [jvm.dll+0x72fcaa]
V  [jvm.dll+0x623ea6]
C  [ucrtbase.dll+0x21ffa]
C  [KERNEL32.DLL+0x17974]
C  [ntdll.dll+0x6a271]


---------------  P R O C E S S  ---------------

Threads class SMR info:
_java_thread_list=0x0000022eb3dcbef0, length=15, elements={
0x0000022eb22b0800, 0x0000022eb22b4000, 0x0000022eb22d4000, 0x0000022eb22d5800,
0x0000022eb22d8800, 0x0000022eb22db000, 0x0000022eb2c20800, 0x0000022eb2d43800,
0x0000022eb2d62000, 0x0000022eb2f81800, 0x0000022eb2fb5800, 0x0000022eb2fbf000,
0x0000022eb3a58800, 0x0000022e913ee000, 0x0000022eb3daa800
}

Java Threads: ( => current thread )
  0x0000022eb22b0800 JavaThread "Reference Handler" daemon [_thread_blocked, id=31736, stack(0x000000eff2800000,0x000000eff2900000)]
  0x0000022eb22b4000 JavaThread "Finalizer" daemon [_thread_blocked, id=48992, stack(0x000000eff2900000,0x000000eff2a00000)]
  0x0000022eb22d4000 JavaThread "Signal Dispatcher" daemon [_thread_blocked, id=44372, stack(0x000000eff2a00000,0x000000eff2b00000)]
  0x0000022eb22d5800 JavaThread "Attach Listener" daemon [_thread_blocked, id=40060, stack(0x000000eff2b00000,0x000000eff2c00000)]
=>0x0000022eb22d8800 JavaThread "C2 CompilerThread0" daemon [_thread_in_native, id=47024, stack(0x000000eff2c00000,0x000000eff2d00000)]
  0x0000022eb22db000 JavaThread "C1 CompilerThread0" daemon [_thread_blocked, id=4756, stack(0x000000eff2d00000,0x000000eff2e00000)]
  0x0000022eb2c20800 JavaThread "Sweeper thread" daemon [_thread_blocked, id=41680, stack(0x000000eff2e00000,0x000000eff2f00000)]
  0x0000022eb2d43800 JavaThread "Service Thread" daemon [_thread_blocked, id=46852, stack(0x000000eff2f00000,0x000000eff3000000)]
  0x0000022eb2d62000 JavaThread "Common-Cleaner" daemon [_thread_blocked, id=10352, stack(0x000000eff3100000,0x000000eff3200000)]
  0x0000022eb2f81800 JavaThread "Java2D Disposer" daemon [_thread_blocked, id=48028, stack(0x000000eff3200000,0x000000eff3300000)]
  0x0000022eb2fb5800 JavaThread "AWT-Shutdown" [_thread_blocked, id=10888, stack(0x000000eff3300000,0x000000eff3400000)]
  0x0000022eb2fbf000 JavaThread "AWT-Windows" daemon [_thread_in_native, id=7528, stack(0x000000eff3400000,0x000000eff3500000)]
  0x0000022eb3a58800 JavaThread "AWT-EventQueue-0" [_thread_in_native, id=12308, stack(0x000000eff3500000,0x000000eff3600000)]
  0x0000022e913ee000 JavaThread "DestroyJavaVM" [_thread_blocked, id=14460, stack(0x000000eff2100000,0x000000eff2200000)]
  0x0000022eb3daa800 JavaThread "TimerQueue" daemon [_thread_blocked, id=45752, stack(0x000000eff3900000,0x000000eff3a00000)]

Other Threads:
  0x0000022eb22ad000 VMThread "VM Thread" [stack: 0x000000eff2700000,0x000000eff2800000] [id=28436]
  0x0000022eb2d5f000 WatcherThread [stack: 0x000000eff3000000,0x000000eff3100000] [id=30520]
  0x0000022e9142f800 GCTaskThread "GC Thread#0" [stack: 0x000000eff2200000,0x000000eff2300000] [id=15044]
  0x0000022eb3fe5800 GCTaskThread "GC Thread#1" [stack: 0x000000eff3a00000,0x000000eff3b00000] [id=44508]
  0x0000022eb3fe6000 GCTaskThread "GC Thread#2" [stack: 0x000000eff3b00000,0x000000eff3c00000] [id=41184]
  0x0000022eb3fe7000 GCTaskThread "GC Thread#3" [stack: 0x000000eff3c00000,0x000000eff3d00000] [id=42720]
  0x0000022eb3fe7800 GCTaskThread "GC Thread#4" [stack: 0x000000eff3d00000,0x000000eff3e00000] [id=48440]
  0x0000022eb3fe8800 GCTaskThread "GC Thread#5" [stack: 0x000000eff3e00000,0x000000eff3f00000] [id=47284]
  0x0000022e91442000 ConcurrentGCThread "G1 Main Marker" [stack: 0x000000eff2300000,0x000000eff2400000] [id=3724]
  0x0000022e91444000 ConcurrentGCThread "G1 Conc#0" [stack: 0x000000eff2400000,0x000000eff2500000] [id=45128]
  0x0000022e914be800 ConcurrentGCThread "G1 Refine#0" [stack: 0x000000eff2500000,0x000000eff2600000] [id=46420]
  0x0000022eb2129800 ConcurrentGCThread "G1 Young RemSet Sampling" [stack: 0x000000eff2600000,0x000000eff2700000] [id=36488]

Threads with active compile tasks:
C2 CompilerThread0    11599 2040   !   4       java.awt.Component::reshape (312 bytes)

VM state:not at safepoint (normal execution)

VM Mutex/Monitor currently owned by a thread: None

Heap address: 0x0000000081c00000, size: 2020 MB, Compressed Oops mode: 32-bit
Narrow klass base: 0x0000000800000000, Narrow klass shift: 3
Compressed class space size: 1073741824 Address: 0x0000000800b40000

Heap:
 garbage-first heap   total 131072K, used 82428K [0x0000000081c00000, 0x0000000100000000)
  region size 1024K, 35 young (35840K), 3 survivors (3072K)
 Metaspace       used 10979K, capacity 11276K, committed 11392K, reserved 1058816K
  class space    used 1216K, capacity 1331K, committed 1408K, reserved 1048576K
Heap Regions: E=young(eden), S=young(survivor), O=old, HS=humongous(starts), HC=humongous(continues), CS=collection set, F=free, A=archive, TAMS=top-at-mark-start (previous, next)
|   0|0x0000000081c00000, 0x0000000081d00000, 0x0000000081d00000|100%|HS|  |TAMS 0x0000000081c00000, 0x0000000081c00000| Complete 
|   1|0x0000000081d00000, 0x0000000081e00000, 0x0000000081e00000|100%|HC|  |TAMS 0x0000000081d00000, 0x0000000081d00000| Complete 
|   2|0x0000000081e00000, 0x0000000081f00000, 0x0000000081f00000|100%|HC|  |TAMS 0x0000000081e00000, 0x0000000081e00000| Complete 
|   3|0x0000000081f00000, 0x0000000082000000, 0x0000000082000000|100%|HS|  |TAMS 0x0000000081f00000, 0x0000000081f00000| Complete 
|   4|0x0000000082000000, 0x0000000082100000, 0x0000000082100000|100%|HC|  |TAMS 0x0000000082000000, 0x0000000082000000| Complete 
|   5|0x0000000082100000, 0x0000000082200000, 0x0000000082200000|100%|HS|  |TAMS 0x0000000082100000, 0x0000000082100000| Complete 
|   6|0x0000000082200000, 0x0000000082300000, 0x0000000082300000|100%|HC|  |TAMS 0x0000000082200000, 0x0000000082200000| Complete 
|   7|0x0000000082300000, 0x0000000082400000, 0x0000000082400000|100%|HC|  |TAMS 0x0000000082300000, 0x0000000082300000| Complete 
|   8|0x0000000082400000, 0x0000000082500000, 0x0000000082500000|100%|HS|  |TAMS 0x0000000082400000, 0x0000000082400000| Complete 
|   9|0x0000000082500000, 0x0000000082600000, 0x0000000082600000|100%|HC|  |TAMS 0x0000000082500000, 0x0000000082500000| Complete 
|  10|0x0000000082600000, 0x0000000082700000, 0x0000000082700000|100%|HC|  |TAMS 0x0000000082600000, 0x0000000082600000| Complete 
|  11|0x0000000082700000, 0x0000000082800000, 0x0000000082800000|100%|HS|  |TAMS 0x0000000082700000, 0x0000000082700000| Complete 
|  12|0x0000000082800000, 0x0000000082900000, 0x0000000082900000|100%|HC|  |TAMS 0x0000000082800000, 0x0000000082800000| Complete 
|  13|0x0000000082900000, 0x0000000082a00000, 0x0000000082a00000|100%|HC|  |TAMS 0x0000000082900000, 0x0000000082900000| Complete 
|  14|0x0000000082a00000, 0x0000000082b00000, 0x0000000082b00000|100%|HS|  |TAMS 0x0000000082a00000, 0x0000000082a00000| Complete 
|  15|0x0000000082b00000, 0x0000000082c00000, 0x0000000082c00000|100%|HC|  |TAMS 0x0000000082b00000, 0x0000000082b00000| Complete 
|  16|0x0000000082c00000, 0x0000000082d00000, 0x0000000082d00000|100%|HC|  |TAMS 0x0000000082c00000, 0x0000000082c00000| Complete 
|  17|0x0000000082d00000, 0x0000000082e00000, 0x0000000082e00000|100%|HS|  |TAMS 0x0000000082d00000, 0x0000000082d00000| Complete 
|  18|0x0000000082e00000, 0x0000000082f00000, 0x0000000082f00000|100%|HC|  |TAMS 0x0000000082e00000, 0x0000000082e00000| Complete 
|  19|0x0000000082f00000, 0x0000000083000000, 0x0000000083000000|100%|HC|  |TAMS 0x0000000082f00000, 0x0000000082f00000| Complete 
|  20|0x0000000083000000, 0x0000000083100000, 0x0000000083100000|100%|HS|  |TAMS 0x0000000083000000, 0x0000000083000000| Complete 
|  21|0x0000000083100000, 0x0000000083200000, 0x0000000083200000|100%|HC|  |TAMS 0x0000000083100000, 0x0000000083100000| Complete 
|  22|0x0000000083200000, 0x0000000083300000, 0x0000000083300000|100%|HC|  |TAMS 0x0000000083200000, 0x0000000083200000| Complete 
|  23|0x0000000083300000, 0x0000000083400000, 0x0000000083400000|100%|HS|  |TAMS 0x0000000083300000, 0x0000000083300000| Complete 
|  24|0x0000000083400000, 0x0000000083500000, 0x0000000083500000|100%|HC|  |TAMS 0x0000000083400000, 0x0000000083400000| Complete 
|  25|0x0000000083500000, 0x0000000083600000, 0x0000000083600000|100%|HC|  |TAMS 0x0000000083500000, 0x0000000083500000| Complete 
|  26|0x0000000083600000, 0x0000000083700000, 0x0000000083700000|100%|HC|  |TAMS 0x0000000083600000, 0x0000000083600000| Complete 
|  27|0x0000000083700000, 0x0000000083800000, 0x0000000083800000|100%|HS|  |TAMS 0x0000000083700000, 0x0000000083700000| Complete 
|  28|0x0000000083800000, 0x0000000083900000, 0x0000000083900000|100%|HC|  |TAMS 0x0000000083800000, 0x0000000083800000| Complete 
|  29|0x0000000083900000, 0x0000000083a00000, 0x0000000083a00000|100%|HC|  |TAMS 0x0000000083900000, 0x0000000083900000| Complete 
|  30|0x0000000083a00000, 0x0000000083b00000, 0x0000000083b00000|100%|HC|  |TAMS 0x0000000083a00000, 0x0000000083a00000| Complete 
|  31|0x0000000083b00000, 0x0000000083c00000, 0x0000000083c00000|100%|HS|  |TAMS 0x0000000083b00000, 0x0000000083b00000| Complete 
|  32|0x0000000083c00000, 0x0000000083d00000, 0x0000000083d00000|100%|HC|  |TAMS 0x0000000083c00000, 0x0000000083c00000| Complete 
|  33|0x0000000083d00000, 0x0000000083e00000, 0x0000000083e00000|100%|HC|  |TAMS 0x0000000083d00000, 0x0000000083d00000| Complete 
|  34|0x0000000083e00000, 0x0000000083f00000, 0x0000000083f00000|100%|HC|  |TAMS 0x0000000083e00000, 0x0000000083e00000| Complete 
|  35|0x0000000083f00000, 0x0000000084000000, 0x0000000084000000|100%|HS|  |TAMS 0x0000000083f00000, 0x0000000083f00000| Complete 
|  36|0x0000000084000000, 0x0000000084100000, 0x0000000084100000|100%|HC|  |TAMS 0x0000000084000000, 0x0000000084000000| Complete 
|  37|0x0000000084100000, 0x0000000084200000, 0x0000000084200000|100%|HC|  |TAMS 0x0000000084100000, 0x0000000084100000| Complete 
|  38|0x0000000084200000, 0x0000000084300000, 0x0000000084300000|100%|HC|  |TAMS 0x0000000084200000, 0x0000000084200000| Complete 
|  39|0x0000000084300000, 0x0000000084400000, 0x0000000084400000|100%|HS|  |TAMS 0x0000000084300000, 0x0000000084300000| Complete 
|  40|0x0000000084400000, 0x0000000084500000, 0x0000000084500000|100%|HC|  |TAMS 0x0000000084400000, 0x0000000084400000| Complete 
|  41|0x0000000084500000, 0x0000000084600000, 0x0000000084600000|100%|HC|  |TAMS 0x0000000084500000, 0x0000000084500000| Complete 
|  42|0x0000000084600000, 0x0000000084700000, 0x0000000084700000|100%|HC|  |TAMS 0x0000000084600000, 0x0000000084600000| Complete 
|  43|0x0000000084700000, 0x0000000084800000, 0x0000000084800000|100%|HS|  |TAMS 0x0000000084700000, 0x0000000084700000| Complete 
|  44|0x0000000084800000, 0x0000000084900000, 0x0000000084900000|100%|HC|  |TAMS 0x0000000084800000, 0x0000000084800000| Complete 
|  45|0x0000000084900000, 0x0000000084a00000, 0x0000000084a00000|100%|HC|  |TAMS 0x0000000084900000, 0x0000000084900000| Complete 
|  46|0x0000000084a00000, 0x0000000084b00000, 0x0000000084b00000|100%|HC|  |TAMS 0x0000000084a00000, 0x0000000084a00000| Complete 
|  47|0x0000000084b00000, 0x0000000084b00000, 0x0000000084c00000|  0%| F|  |TAMS 0x0000000084b00000, 0x0000000084b00000| Untracked 
|  48|0x0000000084c00000, 0x0000000084c00000, 0x0000000084d00000|  0%| F|  |TAMS 0x0000000084c00000, 0x0000000084c00000| Untracked 
|  49|0x0000000084d00000, 0x0000000084d00000, 0x0000000084e00000|  0%| F|  |TAMS 0x0000000084d00000, 0x0000000084d00000| Untracked 
|  50|0x0000000084e00000, 0x0000000084e00000, 0x0000000084f00000|  0%| F|  |TAMS 0x0000000084e00000, 0x0000000084e00000| Untracked 
|  51|0x0000000084f00000, 0x0000000084f00000, 0x0000000085000000|  0%| F|  |TAMS 0x0000000084f00000, 0x0000000084f00000| Untracked 
|  52|0x0000000085000000, 0x0000000085000000, 0x0000000085100000|  0%| F|  |TAMS 0x0000000085000000, 0x0000000085000000| Untracked 
|  53|0x0000000085100000, 0x0000000085100000, 0x0000000085200000|  0%| F|  |TAMS 0x0000000085100000, 0x0000000085100000| Untracked 
|  54|0x0000000085200000, 0x0000000085200000, 0x0000000085300000|  0%| F|  |TAMS 0x0000000085200000, 0x0000000085200000| Untracked 
|  55|0x0000000085300000, 0x0000000085300000, 0x0000000085400000|  0%| F|  |TAMS 0x0000000085300000, 0x0000000085300000| Untracked 
|  56|0x0000000085400000, 0x0000000085400000, 0x0000000085500000|  0%| F|  |TAMS 0x0000000085400000, 0x0000000085400000| Untracked 
|  57|0x0000000085500000, 0x0000000085500000, 0x0000000085600000|  0%| F|  |TAMS 0x0000000085500000, 0x0000000085500000| Untracked 
|  58|0x0000000085600000, 0x0000000085600000, 0x0000000085700000|  0%| F|  |TAMS 0x0000000085600000, 0x0000000085600000| Untracked 
|  59|0x0000000085700000, 0x0000000085700000, 0x0000000085800000|  0%| F|  |TAMS 0x0000000085700000, 0x0000000085700000| Untracked 
|  60|0x0000000085800000, 0x0000000085800000, 0x0000000085900000|  0%| F|  |TAMS 0x0000000085800000, 0x0000000085800000| Untracked 
|  61|0x0000000085900000, 0x0000000085900000, 0x0000000085a00000|  0%| F|  |TAMS 0x0000000085900000, 0x0000000085900000| Untracked 
|  62|0x0000000085a00000, 0x0000000085a00000, 0x0000000085b00000|  0%| F|  |TAMS 0x0000000085a00000, 0x0000000085a00000| Untracked 
|  63|0x0000000085b00000, 0x0000000085b00000, 0x0000000085c00000|  0%| F|  |TAMS 0x0000000085b00000, 0x0000000085b00000| Untracked 
|  64|0x0000000085c00000, 0x0000000085c00000, 0x0000000085d00000|  0%| F|  |TAMS 0x0000000085c00000, 0x0000000085c00000| Untracked 
|  65|0x0000000085d00000, 0x0000000085d00000, 0x0000000085e00000|  0%| F|  |TAMS 0x0000000085d00000, 0x0000000085d00000| Untracked 
|  66|0x0000000085e00000, 0x0000000085e00000, 0x0000000085f00000|  0%| F|  |TAMS 0x0000000085e00000, 0x0000000085e00000| Untracked 
|  67|0x0000000085f00000, 0x0000000085f00000, 0x0000000086000000|  0%| F|  |TAMS 0x0000000085f00000, 0x0000000085f00000| Untracked 
|  68|0x0000000086000000, 0x0000000086000000, 0x0000000086100000|  0%| F|  |TAMS 0x0000000086000000, 0x0000000086000000| Untracked 
|  69|0x0000000086100000, 0x0000000086100000, 0x0000000086200000|  0%| F|  |TAMS 0x0000000086100000, 0x0000000086100000| Untracked 
|  70|0x0000000086200000, 0x0000000086200000, 0x0000000086300000|  0%| F|  |TAMS 0x0000000086200000, 0x0000000086200000| Untracked 
|  71|0x0000000086300000, 0x0000000086300000, 0x0000000086400000|  0%| F|  |TAMS 0x0000000086300000, 0x0000000086300000| Untracked 
|  72|0x0000000086400000, 0x0000000086400000, 0x0000000086500000|  0%| F|  |TAMS 0x0000000086400000, 0x0000000086400000| Untracked 
|  73|0x0000000086500000, 0x0000000086500000, 0x0000000086600000|  0%| F|  |TAMS 0x0000000086500000, 0x0000000086500000| Untracked 
|  74|0x0000000086600000, 0x0000000086600000, 0x0000000086700000|  0%| F|  |TAMS 0x0000000086600000, 0x0000000086600000| Untracked 
|  75|0x0000000086700000, 0x0000000086700000, 0x0000000086800000|  0%| F|  |TAMS 0x0000000086700000, 0x0000000086700000| Untracked 
|  76|0x0000000086800000, 0x0000000086800000, 0x0000000086900000|  0%| F|  |TAMS 0x0000000086800000, 0x0000000086800000| Untracked 
|  77|0x0000000086900000, 0x0000000086900000, 0x0000000086a00000|  0%| F|  |TAMS 0x0000000086900000, 0x0000000086900000| Untracked 
|  78|0x0000000086a00000, 0x0000000086a00000, 0x0000000086b00000|  0%| F|  |TAMS 0x0000000086a00000, 0x0000000086a00000| Untracked 
|  79|0x0000000086b00000, 0x0000000086b00000, 0x0000000086c00000|  0%| F|  |TAMS 0x0000000086b00000, 0x0000000086b00000| Untracked 
|  80|0x0000000086c00000, 0x0000000086c00000, 0x0000000086d00000|  0%| F|  |TAMS 0x0000000086c00000, 0x0000000086c00000| Untracked 
|  81|0x0000000086d00000, 0x0000000086d00000, 0x0000000086e00000|  0%| F|  |TAMS 0x0000000086d00000, 0x0000000086d00000| Untracked 
|  82|0x0000000086e00000, 0x0000000086e00000, 0x0000000086f00000|  0%| F|  |TAMS 0x0000000086e00000, 0x0000000086e00000| Untracked 
|  83|0x0000000086f00000, 0x0000000086f00000, 0x0000000087000000|  0%| F|  |TAMS 0x0000000086f00000, 0x0000000086f00000| Untracked 
|  84|0x0000000087000000, 0x0000000087000000, 0x0000000087100000|  0%| F|  |TAMS 0x0000000087000000, 0x0000000087000000| Untracked 
|  85|0x0000000087100000, 0x0000000087100000, 0x0000000087200000|  0%| F|  |TAMS 0x0000000087100000, 0x0000000087100000| Untracked 
|  86|0x0000000087200000, 0x0000000087200000, 0x0000000087300000|  0%| F|  |TAMS 0x0000000087200000, 0x0000000087200000| Untracked 
|  87|0x0000000087300000, 0x0000000087300000, 0x0000000087400000|  0%| F|  |TAMS 0x0000000087300000, 0x0000000087300000| Untracked 
|  88|0x0000000087400000, 0x0000000087400000, 0x0000000087500000|  0%| F|  |TAMS 0x0000000087400000, 0x0000000087400000| Untracked 
|  89|0x0000000087500000, 0x0000000087500000, 0x0000000087600000|  0%| F|  |TAMS 0x0000000087500000, 0x0000000087500000| Untracked 
|  90|0x0000000087600000, 0x0000000087600000, 0x0000000087700000|  0%| F|  |TAMS 0x0000000087600000, 0x0000000087600000| Untracked 
|  91|0x0000000087700000, 0x0000000087700000, 0x0000000087800000|  0%| F|  |TAMS 0x0000000087700000, 0x0000000087700000| Untracked 
|  92|0x0000000087800000, 0x0000000087800000, 0x0000000087900000|  0%| F|  |TAMS 0x0000000087800000, 0x0000000087800000| Untracked 
|  93|0x0000000087900000, 0x0000000087a00000, 0x0000000087a00000|100%| E|  |TAMS 0x0000000087900000, 0x0000000087900000| Complete 
|  94|0x0000000087a00000, 0x0000000087b00000, 0x0000000087b00000|100%| E|CS|TAMS 0x0000000087a00000, 0x0000000087a00000| Complete 
|  95|0x0000000087b00000, 0x0000000087c00000, 0x0000000087c00000|100%| E|CS|TAMS 0x0000000087b00000, 0x0000000087b00000| Complete 
|  96|0x0000000087c00000, 0x0000000087d00000, 0x0000000087d00000|100%| E|CS|TAMS 0x0000000087c00000, 0x0000000087c00000| Complete 
|  97|0x0000000087d00000, 0x0000000087e00000, 0x0000000087e00000|100%| E|CS|TAMS 0x0000000087d00000, 0x0000000087d00000| Complete 
|  98|0x0000000087e00000, 0x0000000087f00000, 0x0000000087f00000|100%| E|CS|TAMS 0x0000000087e00000, 0x0000000087e00000| Complete 
|  99|0x0000000087f00000, 0x0000000088000000, 0x0000000088000000|100%| E|CS|TAMS 0x0000000087f00000, 0x0000000087f00000| Complete 
| 100|0x0000000088000000, 0x0000000088100000, 0x0000000088100000|100%| E|CS|TAMS 0x0000000088000000, 0x0000000088000000| Complete 
| 101|0x0000000088100000, 0x000000008817f1b8, 0x0000000088200000| 49%| S|CS|TAMS 0x0000000088100000, 0x0000000088100000| Complete 
| 102|0x0000000088200000, 0x0000000088300000, 0x0000000088300000|100%| S|CS|TAMS 0x0000000088200000, 0x0000000088200000| Complete 
| 103|0x0000000088300000, 0x0000000088400000, 0x0000000088400000|100%| S|CS|TAMS 0x0000000088300000, 0x0000000088300000| Complete 
| 104|0x0000000088400000, 0x0000000088500000, 0x0000000088500000|100%| E|CS|TAMS 0x0000000088400000, 0x0000000088400000| Complete 
| 105|0x0000000088500000, 0x0000000088600000, 0x0000000088600000|100%| E|CS|TAMS 0x0000000088500000, 0x0000000088500000| Complete 
| 106|0x0000000088600000, 0x0000000088700000, 0x0000000088700000|100%| E|CS|TAMS 0x0000000088600000, 0x0000000088600000| Complete 
| 107|0x0000000088700000, 0x0000000088800000, 0x0000000088800000|100%| E|CS|TAMS 0x0000000088700000, 0x0000000088700000| Complete 
| 108|0x0000000088800000, 0x0000000088900000, 0x0000000088900000|100%| E|CS|TAMS 0x0000000088800000, 0x0000000088800000| Complete 
| 109|0x0000000088900000, 0x0000000088a00000, 0x0000000088a00000|100%| E|CS|TAMS 0x0000000088900000, 0x0000000088900000| Complete 
| 110|0x0000000088a00000, 0x0000000088b00000, 0x0000000088b00000|100%| E|CS|TAMS 0x0000000088a00000, 0x0000000088a00000| Complete 
| 111|0x0000000088b00000, 0x0000000088c00000, 0x0000000088c00000|100%| E|CS|TAMS 0x0000000088b00000, 0x0000000088b00000| Complete 
| 112|0x0000000088c00000, 0x0000000088d00000, 0x0000000088d00000|100%| E|CS|TAMS 0x0000000088c00000, 0x0000000088c00000| Complete 
| 113|0x0000000088d00000, 0x0000000088e00000, 0x0000000088e00000|100%| E|CS|TAMS 0x0000000088d00000, 0x0000000088d00000| Complete 
| 114|0x0000000088e00000, 0x0000000088f00000, 0x0000000088f00000|100%| E|CS|TAMS 0x0000000088e00000, 0x0000000088e00000| Complete 
| 115|0x0000000088f00000, 0x0000000089000000, 0x0000000089000000|100%| E|CS|TAMS 0x0000000088f00000, 0x0000000088f00000| Complete 
| 116|0x0000000089000000, 0x0000000089100000, 0x0000000089100000|100%| E|CS|TAMS 0x0000000089000000, 0x0000000089000000| Complete 
| 117|0x0000000089100000, 0x0000000089200000, 0x0000000089200000|100%| E|CS|TAMS 0x0000000089100000, 0x0000000089100000| Complete 
| 118|0x0000000089200000, 0x0000000089300000, 0x0000000089300000|100%| E|CS|TAMS 0x0000000089200000, 0x0000000089200000| Complete 
| 119|0x0000000089300000, 0x0000000089400000, 0x0000000089400000|100%| E|CS|TAMS 0x0000000089300000, 0x0000000089300000| Complete 
| 120|0x0000000089400000, 0x0000000089500000, 0x0000000089500000|100%| E|CS|TAMS 0x0000000089400000, 0x0000000089400000| Complete 
| 121|0x0000000089500000, 0x0000000089600000, 0x0000000089600000|100%| E|CS|TAMS 0x0000000089500000, 0x0000000089500000| Complete 
| 122|0x0000000089600000, 0x0000000089700000, 0x0000000089700000|100%| E|CS|TAMS 0x0000000089600000, 0x0000000089600000| Complete 
| 123|0x0000000089700000, 0x0000000089800000, 0x0000000089800000|100%| E|CS|TAMS 0x0000000089700000, 0x0000000089700000| Complete 
| 124|0x0000000089800000, 0x0000000089900000, 0x0000000089900000|100%| E|CS|TAMS 0x0000000089800000, 0x0000000089800000| Complete 
| 125|0x0000000089900000, 0x0000000089a00000, 0x0000000089a00000|100%| E|CS|TAMS 0x0000000089900000, 0x0000000089900000| Complete 
| 126|0x0000000089a00000, 0x0000000089b00000, 0x0000000089b00000|100%| E|CS|TAMS 0x0000000089a00000, 0x0000000089a00000| Complete 
| 127|0x0000000089b00000, 0x0000000089c00000, 0x0000000089c00000|100%| E|CS|TAMS 0x0000000089b00000, 0x0000000089b00000| Complete 

Card table byte_map: [0x0000022eab0c0000,0x0000022eab4c0000] _byte_map_base: 0x0000022eaacb2000

Marking Bits (Prev, Next): (CMBitMap*) 0x0000022e914317d8, (CMBitMap*) 0x0000022e91431818
 Prev Bits: [0x0000022eab8c0000, 0x0000022ead850000)
 Next Bits: [0x0000022ead850000, 0x0000022eaf7e0000)

Polling page: 0x0000022e91160000

Metaspace:

Usage:
  Non-class:      9.71 MB capacity,     9.53 MB ( 98%) used,   159.46 KB (  2%) free+waste,    22.13 KB ( <1%) overhead. 
      Class:      1.30 MB capacity,     1.19 MB ( 91%) used,   102.19 KB (  8%) free+waste,    12.69 KB ( <1%) overhead. 
       Both:     11.01 MB capacity,    10.72 MB ( 97%) used,   261.65 KB (  2%) free+waste,    34.81 KB ( <1%) overhead. 

Virtual space:
  Non-class space:       10.00 MB reserved,       9.75 MB ( 98%) committed 
      Class space:        1.00 GB reserved,       1.38 MB ( <1%) committed 
             Both:        1.01 GB reserved,      11.13 MB (  1%) committed 

Chunk freelists:
   Non-Class:  39.00 KB
       Class:  13.00 KB
        Both:  52.00 KB

MaxMetaspaceSize: 17179869184.00 GB
CompressedClassSpaceSize: 1.00 GB

CodeHeap 'non-profiled nmethods': size=120000Kb used=679Kb max_used=679Kb free=119320Kb
 bounds [0x0000022ea2bf0000, 0x0000022ea2e60000, 0x0000022eaa120000]
CodeHeap 'profiled nmethods': size=120000Kb used=4178Kb max_used=4178Kb free=115821Kb
 bounds [0x0000022e9b6c0000, 0x0000022e9bae0000, 0x0000022ea2bf0000]
CodeHeap 'non-nmethods': size=5760Kb used=1320Kb max_used=1342Kb free=4439Kb
 bounds [0x0000022e9b120000, 0x0000022e9b390000, 0x0000022e9b6c0000]
 total_blobs=3309 nmethods=2048 adapters=519
 compilation: enabled
              stopped_count=0, restarted_count=0
 full_count=0

Compilation events (20 events):
Event: 10.453 Thread 0x0000022eb22db000 nmethod 2029 0x0000022e9bac7610 code [0x0000022e9bac78a0, 0x0000022e9bac8450]
Event: 10.453 Thread 0x0000022eb22db000 2030       3       sun.java2d.marlin.DStroker::curveTo (187 bytes)
Event: 10.454 Thread 0x0000022eb22db000 nmethod 2030 0x0000022e9bac8890 code [0x0000022e9bac8aa0, 0x0000022e9bac90a0]
Event: 10.454 Thread 0x0000022eb22db000 2032       3       sun.java2d.marlin.DTransformingPathConsumer2D$CurveBasicMonotonizer::curve (149 bytes)
Event: 10.454 Thread 0x0000022eb22db000 nmethod 2032 0x0000022e9bac9310 code [0x0000022e9bac9520, 0x0000022e9bac99c0]
Event: 10.454 Thread 0x0000022eb22db000 2033       3       sun.java2d.marlin.DHelpers::findSubdivPoints (351 bytes)
Event: 10.455 Thread 0x0000022eb22db000 nmethod 2033 0x0000022e9bac9d10 code [0x0000022e9bac9fa0, 0x0000022e9baca830]
Event: 10.525 Thread 0x0000022eb22d8800 2034       4       sun.awt.AWTAccessor::getComponentAccessor (18 bytes)
Event: 10.525 Thread 0x0000022eb22d8800 nmethod 2034 0x0000022ea2c98410 code [0x0000022ea2c985a0, 0x0000022ea2c98618]
Event: 10.529 Thread 0x0000022eb22d8800 2035       4       sun.java2d.SunGraphics2D::transformShape (128 bytes)
Event: 10.533 Thread 0x0000022eb22d8800 nmethod 2035 0x0000022ea2c98710 code [0x0000022ea2c98920, 0x0000022ea2c98db8]
Event: 10.533 Thread 0x0000022eb22d8800 2036       4       sun.java2d.SunGraphics2D::getCompClip (19 bytes)
Event: 10.534 Thread 0x0000022eb22d8800 nmethod 2036 0x0000022ea2c99210 code [0x0000022ea2c993a0, 0x0000022ea2c99458]
Event: 10.536 Thread 0x0000022eb22db000 2037       3       java.util.concurrent.locks.AbstractQueuedSynchronizer::transferForSignal (45 bytes)
Event: 10.537 Thread 0x0000022eb22db000 nmethod 2037 0x0000022e9bacad10 code [0x0000022e9bacb000, 0x0000022e9bacbfa0]
Event: 11.071 Thread 0x0000022eb22db000 2038       1       java.awt.FlowLayout::getAlignOnBaseline (5 bytes)
Event: 11.071 Thread 0x0000022eb22db000 nmethod 2038 0x0000022ea2c99510 code [0x0000022ea2c996a0, 0x0000022ea2c997d8]
Event: 11.071 Thread 0x0000022eb22d8800 2039       4       java.awt.Component::setBounds (10 bytes)
Event: 11.071 Thread 0x0000022eb22d8800 nmethod 2039 0x0000022ea2c99890 code [0x0000022ea2c99a20, 0x0000022ea2c99ab8]
Event: 11.071 Thread 0x0000022eb22d8800 2040   !   4       java.awt.Component::reshape (312 bytes)

GC Heap History (2 events):
Event: 7.223 GC heap before
{Heap before GC invocations=0 (full 0):
 garbage-first heap   total 131072K, used 71680K [0x0000000081c00000, 0x0000000100000000)
  region size 1024K, 24 young (24576K), 0 survivors (0K)
 Metaspace       used 10732K, capacity 11020K, committed 11136K, reserved 1058816K
  class space    used 1216K, capacity 1331K, committed 1408K, reserved 1048576K
}
Event: 7.228 GC heap after
{Heap after GC invocations=1 (full 0):
 garbage-first heap   total 131072K, used 50684K [0x0000000081c00000, 0x0000000100000000)
  region size 1024K, 3 young (3072K), 3 survivors (3072K)
 Metaspace       used 10732K, capacity 11020K, committed 11136K, reserved 1058816K
  class space    used 1216K, capacity 1331K, committed 1408K, reserved 1048576K
}

Deoptimization events (20 events):
Event: 0.097 Thread 0x0000022e913ee000 Uncommon trap: trap_request=0xffffff45 fr.pc=0x0000022ea2bf4f2c relative=0x000000000000020c
Event: 0.097 Thread 0x0000022e913ee000 Uncommon trap: reason=unstable_if action=reinterpret pc=0x0000022ea2bf4f2c method=java.lang.String.hashCode()I @ 13 c2
Event: 0.097 Thread 0x0000022e913ee000 DEOPT PACKING pc=0x0000022ea2bf4f2c sp=0x000000eff21fc8a0
Event: 0.097 Thread 0x0000022e913ee000 DEOPT UNPACKING pc=0x0000022e9b16912f sp=0x000000eff21fc838 mode 2
Event: 0.682 Thread 0x0000022eb3a58800 DEOPT PACKING pc=0x0000022e9b801da9 sp=0x000000eff35fcda0
Event: 0.682 Thread 0x0000022eb3a58800 DEOPT UNPACKING pc=0x0000022e9b16964e sp=0x000000eff35fc1e0 mode 0
Event: 0.683 Thread 0x0000022eb3a58800 DEOPT PACKING pc=0x0000022e9b801da9 sp=0x000000eff35fcda0
Event: 0.683 Thread 0x0000022eb3a58800 DEOPT UNPACKING pc=0x0000022e9b16964e sp=0x000000eff35fc1e0 mode 0
Event: 0.684 Thread 0x0000022eb3a58800 DEOPT PACKING pc=0x0000022e9b801da9 sp=0x000000eff35fcda0
Event: 0.684 Thread 0x0000022eb3a58800 DEOPT UNPACKING pc=0x0000022e9b16964e sp=0x000000eff35fc1e0 mode 0
Event: 0.685 Thread 0x0000022eb3a58800 DEOPT PACKING pc=0x0000022e9b801da9 sp=0x000000eff35fcda0
Event: 0.685 Thread 0x0000022eb3a58800 DEOPT UNPACKING pc=0x0000022e9b16964e sp=0x000000eff35fc1e0 mode 0
Event: 4.388 Thread 0x0000022eb3a58800 DEOPT PACKING pc=0x0000022e9b8062d6 sp=0x000000eff35fc910
Event: 4.388 Thread 0x0000022eb3a58800 DEOPT UNPACKING pc=0x0000022e9b16964e sp=0x000000eff35fbe10 mode 0
Event: 4.790 Thread 0x0000022eb3a58800 DEOPT PACKING pc=0x0000022e9b870d9c sp=0x000000eff35fc8b0
Event: 4.790 Thread 0x0000022eb3a58800 DEOPT UNPACKING pc=0x0000022e9b16964e sp=0x000000eff35fbda8 mode 0
Event: 7.228 Thread 0x0000022eb3a58800 Uncommon trap: trap_request=0xffffff45 fr.pc=0x0000022ea2c55ef8 relative=0x00000000000000d8
Event: 7.228 Thread 0x0000022eb3a58800 Uncommon trap: reason=unstable_if action=reinterpret pc=0x0000022ea2c55ef8 method=java.lang.ref.SoftReference.get()Ljava/lang/Object; @ 17 c2
Event: 7.228 Thread 0x0000022eb3a58800 DEOPT PACKING pc=0x0000022ea2c55ef8 sp=0x000000eff35fcc20
Event: 7.228 Thread 0x0000022eb3a58800 DEOPT UNPACKING pc=0x0000022e9b16912f sp=0x000000eff35fcbd0 mode 2

Classes unloaded (0 events):
No events

Classes redefined (0 events):
No events

Internal exceptions (12 events):
Event: 0.097 Thread 0x0000022e913ee000 Exception <a 'java/lang/ClassNotFoundException'{0x0000000089a68d80}: sun/awt/resources/spi/awtProvider> (0x0000000089a68d80) 
thrown [t:/workspace/open/src/hotspot/share/classfile/systemDictionary.cpp, line 232]
Event: 0.125 Thread 0x0000022e913ee000 Exception <a 'java/io/FileNotFoundException'{0x0000000089abe0f8}> (0x0000000089abe0f8) 
thrown [t:/workspace/open/src/hotspot/share/prims/jni.cpp, line 598]
Event: 0.132 Thread 0x0000022e913ee000 Exception <a 'java/io/FileNotFoundException'{0x0000000089ae4768}> (0x0000000089ae4768) 
thrown [t:/workspace/open/src/hotspot/share/prims/jni.cpp, line 598]
Event: 0.217 Thread 0x0000022eb2fbf000 Exception <a 'java/lang/NoSuchMethodError'{0x0000000089980510}: 'void java.lang.invoke.DirectMethodHandle$Holder.invokeSpecial(java.lang.Object, java.lang.Object)'> (0x0000000089980510) 
thrown [t:/workspace/open/src/hotspot/share/interpreter/linkResolver.cpp, line 767]
Event: 0.250 Thread 0x0000022e913ee000 Exception <a 'java/lang/NoSuchMethodError'{0x0000000089821698}: 'java.lang.Object java.lang.invoke.DirectMethodHandle$Holder.invokeStatic(java.lang.Object, int, java.lang.Object, java.lang.Object, java.lang.Object, java.lang.Object)'> (0x0000000089821698) 
thrown [t:/workspace/open/src/hotspot/share/interpreter/linkResolver.cpp, line 767]
Event: 0.250 Thread 0x0000022e913ee000 Exception <a 'java/lang/NoSuchMethodError'{0x0000000089827ff8}: 'java.lang.Object java.lang.invoke.DirectMethodHandle$Holder.invokeStatic(java.lang.Object, int, java.lang.Object, java.lang.Object, java.lang.Object)'> (0x0000000089827ff8) 
thrown [t:/workspace/open/src/hotspot/share/interpreter/linkResolver.cpp, line 767]
Event: 0.251 Thread 0x0000022e913ee000 Exception <a 'java/lang/NoSuchMethodError'{0x000000008982b860}: 'java.lang.Object java.lang.invoke.DirectMethodHandle$Holder.invokeSpecial(java.lang.Object, java.lang.Object, int, java.lang.Object, java.lang.Object, java.lang.Object)'> (0x000000008982b860) 
thrown [t:/workspace/open/src/hotspot/share/interpreter/linkResolver.cpp, line 767]
Event: 0.253 Thread 0x0000022e913ee000 Exception <a 'java/lang/NoSuchMethodError'{0x0000000089841b88}: 'java.lang.Object java.lang.invoke.DirectMethodHandle$Holder.invokeStatic(java.lang.Object, int, java.lang.Object)'> (0x0000000089841b88) 
thrown [t:/workspace/open/src/hotspot/share/interpreter/linkResolver.cpp, line 767]
Event: 0.270 Thread 0x0000022e913ee000 Exception <a 'java/lang/ClassNotFoundException'{0x00000000898e4dd0}: com/sun/swing/internal/plaf/metal/resources/spi/metalProvider> (0x00000000898e4dd0) 
thrown [t:/workspace/open/src/hotspot/share/classfile/systemDictionary.cpp, line 232]
Event: 0.271 Thread 0x0000022e913ee000 Exception <a 'java/lang/ClassNotFoundException'{0x00000000898e8e78}: com/sun/swing/internal/plaf/basic/resources/spi/basicProvider> (0x00000000898e8e78) 
thrown [t:/workspace/open/src/hotspot/share/classfile/systemDictionary.cpp, line 232]
Event: 0.444 Thread 0x0000022e913ee000 Exception <a 'java/lang/NoSuchMethodError'{0x00000000896850f0}: 'void java.lang.invoke.DirectMethodHandle$Holder.invokeStaticInit(java.lang.Object)'> (0x00000000896850f0) 
thrown [t:/workspace/open/src/hotspot/share/interpreter/linkResolver.cpp, line 767]
Event: 0.449 Thread 0x0000022e913ee000 Exception <a 'java/lang/NoSuchMethodError'{0x00000000896ac338}: 'java.lang.Object java.lang.invoke.Invokers$Holder.linkToTargetMethod(java.lang.Object, int, java.lang.Object)'> (0x00000000896ac338) 
thrown [t:/workspace/open/src/hotspot/share/interpreter/linkResolver.cpp, line 767]

Events (20 events):
Event: 3.455 loading class sun/java2d/opengl/OGLSurfaceData
Event: 3.455 loading class sun/java2d/opengl/OGLSurfaceData done
Event: 3.560 Executing VM operation: RevokeBias
Event: 3.560 Executing VM operation: RevokeBias done
Event: 4.389 Thread 0x0000022eb3e14800 Thread added: 0x0000022eb3e14800
Event: 4.501 Thread 0x0000022eb3e14800 Thread exited: 0x0000022eb3e14800
Event: 6.473 Loaded shared library C:\Program Files\Java\jdk-13.0.2\bin\java.dll
Event: 6.473 Loaded shared library C:\Program Files\Java\jdk-13.0.2\bin\java.dll
Event: 6.474 Loaded shared library C:\Program Files\Java\jdk-13.0.2\bin\java.dll
Event: 6.474 Loaded shared library C:\Program Files\Java\jdk-13.0.2\bin\java.dll
Event: 7.223 Executing VM operation: G1CollectForAllocation
Event: 7.228 Executing VM operation: G1CollectForAllocation done
Event: 7.229 Executing VM operation: RevokeBias
Event: 7.229 Executing VM operation: RevokeBias done
Event: 7.229 Executing VM operation: RevokeBias
Event: 7.229 Executing VM operation: RevokeBias done
Event: 7.230 Loaded shared library C:\Program Files\Java\jdk-13.0.2\bin\awt.dll
Event: 7.231 Loaded shared library C:\Program Files\Java\jdk-13.0.2\bin\awt.dll
Event: 7.231 Loaded shared library C:\Program Files\Java\jdk-13.0.2\bin\awt.dll
Event: 7.232 Loaded shared library C:\Program Files\Java\jdk-13.0.2\bin\awt.dll


Dynamic libraries:
0x00007ff6e7d20000 - 0x00007ff6e7d2f000 	C:\Program Files\Java\jdk-13.0.2\bin\javaw.exe
0x00007ff807950000 - 0x00007ff807b3d000 	C:\windows\SYSTEM32\ntdll.dll
0x00007ff807700000 - 0x00007ff8077b3000 	C:\windows\System32\KERNEL32.DLL
0x00007ff804780000 - 0x00007ff804a15000 	C:\windows\System32\KERNELBASE.dll
0x00007ff804a70000 - 0x00007ff804b6a000 	C:\windows\System32\ucrtbase.dll
0x00007ffff8d40000 - 0x00007ffff8d55000 	C:\Program Files\Java\jdk-13.0.2\bin\VCRUNTIME140.dll
0x00007ffffe020000 - 0x00007ffffe038000 	C:\Program Files\Java\jdk-13.0.2\bin\jli.dll
0x00007ff805520000 - 0x00007ff8055c3000 	C:\windows\System32\ADVAPI32.dll
0x00007ff8050d0000 - 0x00007ff80516e000 	C:\windows\System32\msvcrt.dll
0x00007ff805990000 - 0x00007ff805a2e000 	C:\windows\System32\sechost.dll
0x00007ff805630000 - 0x00007ff805752000 	C:\windows\System32\RPCRT4.dll
0x00007ff805170000 - 0x00007ff805307000 	C:\windows\System32\USER32.dll
0x00007ff804610000 - 0x00007ff804630000 	C:\windows\System32\win32u.dll
0x00007fffe9340000 - 0x00007fffe95b9000 	C:\windows\WinSxS\amd64_microsoft.windows.common-controls_6595b64144ccf1df_6.0.17763.1217_none_de6e4304534e0ad3\COMCTL32.dll
0x00007ff805310000 - 0x00007ff805339000 	C:\windows\System32\GDI32.dll
0x00007ff807140000 - 0x00007ff80746c000 	C:\windows\System32\combase.dll
0x00007ff8043e0000 - 0x00007ff804579000 	C:\windows\System32\gdi32full.dll
0x00007ff803c10000 - 0x00007ff803c8e000 	C:\windows\System32\bcryptPrimitives.dll
0x00007ff804630000 - 0x00007ff8046d0000 	C:\windows\System32\msvcp_win.dll
0x00007ffffea30000 - 0x00007ffffea3a000 	C:\windows\SYSTEM32\VERSION.dll
0x00007ff8078f0000 - 0x00007ff80791e000 	C:\windows\System32\IMM32.DLL
0x00007ffff2950000 - 0x00007ffff29eb000 	C:\Program Files\Java\jdk-13.0.2\bin\msvcp140.dll
0x00007fff905b0000 - 0x00007fff9110d000 	C:\Program Files\Java\jdk-13.0.2\bin\server\jvm.dll
0x00007ff805980000 - 0x00007ff805988000 	C:\windows\System32\PSAPI.DLL
0x00007fffe65f0000 - 0x00007fffe65f9000 	C:\windows\SYSTEM32\WSOCK32.dll
0x00007ffff8860000 - 0x00007ffff8884000 	C:\windows\SYSTEM32\WINMM.dll
0x00007ff805910000 - 0x00007ff80597d000 	C:\windows\System32\WS2_32.dll
0x00007ffff8830000 - 0x00007ffff885d000 	C:\windows\SYSTEM32\WINMMBASE.dll
0x00007ff804a20000 - 0x00007ff804a6a000 	C:\windows\System32\cfgmgr32.dll
0x00007ff8039c0000 - 0x00007ff8039d1000 	C:\windows\System32\kernel.appcore.dll
0x00007ffff9440000 - 0x00007ffff9450000 	C:\Program Files\Java\jdk-13.0.2\bin\verify.dll
0x00007ff8022f0000 - 0x00007ff8024dd000 	C:\windows\SYSTEM32\DBGHELP.DLL
0x00007ffff3ff0000 - 0x00007ffff401a000 	C:\windows\SYSTEM32\dbgcore.DLL
0x00007ffff3af0000 - 0x00007ffff3b16000 	C:\Program Files\Java\jdk-13.0.2\bin\java.dll
0x00007ffff28b0000 - 0x00007ffff28c7000 	C:\Program Files\Java\jdk-13.0.2\bin\zip.dll
0x00007ffff8d00000 - 0x00007ffff8d0a000 	C:\Program Files\Java\jdk-13.0.2\bin\jimage.dll
0x00007ff805c30000 - 0x00007ff807124000 	C:\windows\System32\SHELL32.dll
0x00007ff8077c0000 - 0x00007ff807868000 	C:\windows\System32\shcore.dll
0x00007ff803c90000 - 0x00007ff8043de000 	C:\windows\System32\windows.storage.dll
0x00007ff8039e0000 - 0x00007ff803a04000 	C:\windows\System32\profapi.dll
0x00007ff803940000 - 0x00007ff80399d000 	C:\windows\System32\powrprof.dll
0x00007ff8055d0000 - 0x00007ff805622000 	C:\windows\System32\shlwapi.dll
0x00007ff803bf0000 - 0x00007ff803c07000 	C:\windows\System32\cryptsp.dll
0x00007ffff2810000 - 0x00007ffff2829000 	C:\Program Files\Java\jdk-13.0.2\bin\net.dll
0x00007ffff9d60000 - 0x00007ffff9e52000 	C:\windows\SYSTEM32\WINHTTP.dll
0x00007ff803150000 - 0x00007ff8031b7000 	C:\windows\system32\mswsock.dll
0x00007fffede80000 - 0x00007fffede93000 	C:\Program Files\Java\jdk-13.0.2\bin\nio.dll
0x00007fffacd10000 - 0x00007fffacea9000 	C:\Program Files\Java\jdk-13.0.2\bin\awt.dll
0x00007ff807470000 - 0x00007ff807534000 	C:\windows\System32\OLEAUT32.dll
0x00007ff801900000 - 0x00007ff80198c000 	C:\windows\SYSTEM32\apphelp.dll
0x00007ff801c60000 - 0x00007ff801c8e000 	C:\windows\system32\DWMAPI.DLL
0x00007ff803a10000 - 0x00007ff803bec000 	C:\windows\System32\CRYPT32.dll
0x00007ff8039a0000 - 0x00007ff8039b2000 	C:\windows\System32\MSASN1.dll
0x00007ff801b90000 - 0x00007ff801c2c000 	C:\windows\system32\uxtheme.dll
0x00007fff9e9d0000 - 0x00007fff9eaf7000 	C:\windows\system32\opengl32.dll
0x00007fffd6630000 - 0x00007fffd665c000 	C:\windows\SYSTEM32\GLU32.dll
0x00007ff805a30000 - 0x00007ff805b9c000 	C:\windows\System32\MSCTF.dll
0x00007ff807540000 - 0x00007ff807695000 	C:\windows\System32\ole32.dll
0x00007ffff24e0000 - 0x00007ffff2562000 	C:\Program Files\Java\jdk-13.0.2\bin\freetype.dll
0x00007fffec180000 - 0x00007fffec226000 	C:\Program Files\Java\jdk-13.0.2\bin\fontmanager.dll
0x00007ff805340000 - 0x00007ff8053e2000 	C:\windows\System32\clbcatq.dll
0x00007ffff7ed0000 - 0x00007ffff8088000 	C:\windows\SYSTEM32\WindowsCodecs.dll
0x00007fffdf110000 - 0x00007fffdf166000 	C:\windows\system32\dataexchange.dll
0x00007ff8008f0000 - 0x00007ff800b6e000 	C:\windows\system32\d3d11.dll
0x00007ff801170000 - 0x00007ff801333000 	C:\windows\system32\dcomp.dll
0x00007ff802670000 - 0x00007ff802732000 	C:\windows\system32\dxgi.dll
0x00007ff801c90000 - 0x00007ff801ea4000 	C:\windows\system32\twinapi.appcore.dll
0x00007ff801eb0000 - 0x00007ff801ed8000 	C:\windows\system32\RMCLIENT.dll
0x00007fffecf10000 - 0x00007fffecfa5000 	C:\windows\System32\TextInputFramework.dll
0x00007ffff8090000 - 0x00007ffff83b2000 	C:\windows\System32\CoreUIComponents.dll
0x00007ff8016f0000 - 0x00007ff8017d2000 	C:\windows\System32\CoreMessaging.dll
0x00007ff8029b0000 - 0x00007ff8029e1000 	C:\windows\SYSTEM32\ntmarta.dll
0x00007fffffbb0000 - 0x00007fffffd03000 	C:\windows\SYSTEM32\wintypes.dll

dbghelp: loaded successfully - version: 4.0.5 - missing functions: none
symbol engine: initialized successfully - sym options: 0x614 - pdb path: .;C:\Program Files\Java\jdk-13.0.2\bin;C:\windows\SYSTEM32;C:\windows\WinSxS\amd64_microsoft.windows.common-controls_6595b64144ccf1df_6.0.17763.1217_none_de6e4304534e0ad3;C:\Program Files\Java\jdk-13.0.2\bin\server

VM Arguments:
jvm_args: -Dfile.encoding=Cp1252 
java_command: diceGame.client.GuiMain
java_class_path (initial): D:\Eclipse_Workspace\Assignment2-Term3\bin;D:\Eclipse_Workspace\Assignment2-Term3\lib\Validator.jar;D:\NewDiceGameJar.jar
Launcher Type: SUN_STANDARD

[Global flags]
     intx CICompilerCount                          = 4                                         {product} {ergonomic}
     uint ConcGCThreads                            = 2                                         {product} {ergonomic}
     uint G1ConcRefinementThreads                  = 8                                         {product} {ergonomic}
   size_t G1HeapRegionSize                         = 1048576                                   {product} {ergonomic}
    uintx GCDrainStackTargetSize                   = 64                                        {product} {ergonomic}
   size_t InitialHeapSize                          = 134217728                                 {product} {ergonomic}
   size_t MarkStackSize                            = 4194304                                   {product} {ergonomic}
   size_t MaxHeapSize                              = 2118123520                                {product} {ergonomic}
   size_t MaxNewSize                               = 1270874112                                {product} {ergonomic}
   size_t MinHeapDeltaBytes                        = 1048576                                   {product} {ergonomic}
   size_t MinHeapSize                              = 8388608                                   {product} {ergonomic}
    uintx NonNMethodCodeHeapSize                   = 5839372                                {pd product} {ergonomic}
    uintx NonProfiledCodeHeapSize                  = 122909434                              {pd product} {ergonomic}
    uintx ProfiledCodeHeapSize                     = 122909434                              {pd product} {ergonomic}
    uintx ReservedCodeCacheSize                    = 251658240                              {pd product} {ergonomic}
     bool SegmentedCodeCache                       = true                                      {product} {ergonomic}
   size_t SoftMaxHeapSize                          = 2118123520                             {manageable} {ergonomic}
     bool UseCompressedClassPointers               = true                                 {lp64_product} {ergonomic}
     bool UseCompressedOops                        = true                                 {lp64_product} {ergonomic}
     bool UseG1GC                                  = true                                      {product} {ergonomic}
     bool UseLargePagesIndividualAllocation        = false                                  {pd product} {ergonomic}

Logging:
Log output configuration:
 #0: stdout all=warning uptime,level,tags
 #1: stderr all=off uptime,level,tags

Environment Variables:
PATH=C:/Program Files/Java/jdk-13.0.2/bin/server;C:/Program Files/Java/jdk-13.0.2/bin;C:\windows\system32;C:\windows;C:\windows\System32\Wbem;C:\windows\System32\WindowsPowerShell\v1.0\;C:\windows\System32\OpenSSH\;C:\Program Files\Git\cmd;C:\Users\gawri\AppData\Local\Microsoft\WindowsApps;D:\VsCode\bin;C:\MinGW;;C:\windows\system32;
USERNAME=gawri
OS=Windows_NT
PROCESSOR_IDENTIFIER=Intel64 Family 6 Model 142 Stepping 12, GenuineIntel



---------------  S Y S T E M  ---------------

OS: Windows 10 , 64 bit Build 17763 (10.0.17763.1158)

CPU:total 8 (initial active 8) (4 cores per cpu, 2 threads per core) family 6 model 142 stepping 12, cmov, cx8, fxsr, mmx, sse, sse2, sse3, ssse3, sse4.1, sse4.2, popcnt, avx, avx2, aes, clmul, erms, 3dnowpref, lzcnt, ht, tsc, tscinvbit, bmi1, bmi2, adx, fma

Memory: 4k page, system-wide physical 8078M (313M free)
TotalPageFile size 32654M (AvailPageFile size 27M)
current process WorkingSet (physical memory assigned to process): 160M, peak: 160M
current process commit charge ("private bytes"): 257M, peak: 260M

vm_info: Java HotSpot(TM) 64-Bit Server VM (13.0.2+8) for windows-amd64 JRE (13.0.2+8), built on Dec 11 2019 09:20:33 by "mach5one" with unknown MS VC++:1916

END.
